<?xml version="1.0" encoding="UTF-8"?>
<!-- Generated by org.testng.reporters.JUnitReportReporter -->
<testsuite hostname="LAPTOP-MQRTIQ19" failures="0" tests="5" name="testCases.TC_003_LoginDDT" time="35.634" errors="0" timestamp="2024-05-25T14:26:43 IST" skipped="0">
  <testcase classname="testCases.TC_003_LoginDDT" name="verify_LoginDDT" time="10.701"/>
  <testcase classname="testCases.TC_003_LoginDDT" name="verify_LoginDDT" time="1.550"/>
  <testcase classname="testCases.TC_003_LoginDDT" name="verify_LoginDDT" time="1.422"/>
  <testcase classname="testCases.TC_003_LoginDDT" name="verify_LoginDDT" time="11.008"/>
  <testcase classname="testCases.TC_003_LoginDDT" name="verify_LoginDDT" time="10.953"/>
</testsuite> <!-- testCases.TC_003_LoginDDT -->
