<?xml version="1.0" encoding="UTF-8"?>
<!-- Generated by org.testng.reporters.JUnitReportReporter -->
<testsuite hostname="LAPTOP-MQRTIQ19" failures="0" tests="1" name="testCases.TC_001_AccountRegistrationTest" time="6.099" errors="0" timestamp="2024-05-28T13:27:21 IST" skipped="0">
  <testcase classname="testCases.TC_001_AccountRegistrationTest" name="verify_Account_Registration" time="6.099"/>
</testsuite> <!-- testCases.TC_001_AccountRegistrationTest -->
