<?xml version="1.0" encoding="UTF-8"?>
<!-- Generated by org.testng.reporters.JUnitReportReporter -->
<testsuite hostname="LAPTOP-MQRTIQ19" failures="0" tests="1" name="testCases.TC_002_LoginTest" time="1.373" errors="0" timestamp="2024-05-28T20:18:21 IST" skipped="0">
  <testcase classname="testCases.TC_002_LoginTest" name="verifyLogin" time="1.373"/>
</testsuite> <!-- testCases.TC_002_LoginTest -->
